<?xml version="1.0" encoding="UTF-8"?>
<testng-results ignored="0" total="1" passed="1" failed="0" skipped="0">
  <reporter-output>
  </reporter-output>
  <suite started-at="2026-02-23T18:39:50 IST" name="Surefire suite" finished-at="2026-02-23T18:39:52 IST" duration-ms="1845">
    <groups>
    </groups>
    <test started-at="2026-02-23T18:39:50 IST" name="Surefire test" finished-at="2026-02-23T18:39:52 IST" duration-ms="1845">
      <class name="com.student.ResultCalculatorTest">
        <test-method signature="testResultCalculation()[pri:0, instance:com.student.ResultCalculatorTest@58c1c010]" started-at="2026-02-23T18:39:50 IST" name="testResultCalculation" finished-at="2026-02-23T18:39:52 IST" duration-ms="1817" status="PASS">
          <reporter-output>
          </reporter-output>
        </test-method> <!-- testResultCalculation -->
      </class> <!-- com.student.ResultCalculatorTest -->
    </test> <!-- Surefire test -->
  </suite> <!-- Surefire suite -->
</testng-results>
